2024年 07月 26日 星期五 15:58:00 CST + ---run_gpu0
2024年 07月 26日 星期五 18:59:12 CST + finished pre-training
2024年 07月 26日 星期五 20:04:44 CST + ---run2_gpu0
2024年 07月 26日 星期五 22:33:35 CST + ---run_gpu0
2024年 07月 26日 星期五 22:33:46 CST + ---run_gpu0
2024年 07月 26日 星期五 22:34:02 CST + finished sft
2024年 07月 26日 星期五 22:34:03 CST + ---run2_gpu0
2024年 07月 26日 星期五 22:35:51 CST + finished run2_gpu0
2024年 07月 26日 星期五 22:37:13 CST + ---run_gpu0
2024年 07月 26日 星期五 22:37:30 CST + finished sft
2024年 07月 26日 星期五 22:37:31 CST + ---run2_gpu0
2024年 07月 26日 星期五 22:38:06 CST + ---run_gpu0
2024年 07月 26日 星期五 22:38:23 CST + finished sft
2024年 07月 26日 星期五 22:38:23 CST + ---run2_gpu0
2024年 07月 26日 星期五 22:38:39 CST + finished run2_gpu0
2024年 07月 26日 星期五 22:38:39 CST + ---run_gpu0
2024年 07月 26日 星期五 22:38:56 CST + finished sft
2024年 07月 26日 星期五 22:38:57 CST + ---run2_gpu0
2024年 07月 26日 星期五 22:39:59 CST + ---run_gpu0
2024年 07月 26日 星期五 22:40:14 CST + finished sft
2024年 07月 26日 星期五 22:40:14 CST + ---run2_gpu0
2024年 07月 26日 星期五 22:40:31 CST + finished run2_gpu0
2024年 07月 26日 星期五 22:40:32 CST + ---run_gpu0
2024年 07月 26日 星期五 22:40:47 CST + finished sft
2024年 07月 26日 星期五 22:40:48 CST + ---run2_gpu0
2024年 07月 26日 星期五 22:42:17 CST + ---run_gpu0
2024年 07月 26日 星期五 22:42:34 CST + finished sft
2024年 07月 26日 星期五 22:42:34 CST + ---run2_gpu0
2024年 07月 26日 星期五 22:42:51 CST + finished run2_gpu0
2024年 07月 26日 星期五 22:42:52 CST + ---run_gpu0
2024年 07月 26日 星期五 22:43:07 CST + finished sft
2024年 07月 26日 星期五 22:43:07 CST + ---run2_gpu0
2024年 07月 26日 星期五 22:43:23 CST + finished run2_gpu0
2024年 07月 26日 星期五 22:43:24 CST + ---run_gpu0
2024年 07月 26日 星期五 22:43:40 CST + finished sft
2024年 07月 26日 星期五 22:43:41 CST + ---run2_gpu0
2024年 07月 26日 星期五 22:44:14 CST + ---run_gpu0
2024年 07月 26日 星期五 22:44:55 CST + finished sft
2024年 07月 26日 星期五 22:44:55 CST + ---run2_gpu0
2024年 07月 26日 星期五 22:45:11 CST + finished run2_gpu0
2024年 07月 26日 星期五 22:45:12 CST + ---run_gpu0
2024年 07月 26日 星期五 22:45:44 CST + finished sft
2024年 07月 26日 星期五 22:45:44 CST + ---run2_gpu0
2024年 07月 26日 星期五 22:46:00 CST + finished run2_gpu0
2024年 07月 26日 星期五 22:46:01 CST + ---run_gpu0
2024年 07月 26日 星期五 22:46:42 CST + ---run_gpu0
2024年 07月 26日 星期五 22:47:20 CST + ---run_gpu0
2024年 07月 26日 星期五 22:49:17 CST + ---run_gpu0
2024年 07月 26日 星期五 22:50:02 CST + ---run_gpu0
2024年 07月 26日 星期五 22:50:39 CST + ---run_gpu0
2024年 07月 26日 星期五 22:51:19 CST + finished sft
2024年 07月 26日 星期五 22:51:20 CST + ---run2_gpu0
2024年 07月 26日 星期五 22:51:35 CST + finished run2_gpu0
2024年 07月 26日 星期五 22:51:36 CST + ---run_gpu0
2024年 07月 26日 星期五 22:52:11 CST + finished sft
2024年 07月 26日 星期五 22:52:12 CST + ---run2_gpu0
2024年 07月 26日 星期五 22:53:07 CST + ---run_gpu0
2024年 07月 26日 星期五 22:54:21 CST + finished sft
2024年 07月 26日 星期五 22:54:21 CST + ---run2_gpu0
2024年 07月 26日 星期五 22:55:22 CST + ---run_gpu0
2024年 07月 26日 星期五 22:56:29 CST + ---run_gpu0
2024年 07月 26日 星期五 22:57:38 CST + finished sft
2024年 07月 26日 星期五 22:57:39 CST + ---run2_gpu0
2024年 07月 26日 星期五 22:57:54 CST + finished run2_gpu0
2024年 07月 26日 星期五 22:57:55 CST + ---run_gpu0
2024年 07月 26日 星期五 22:58:38 CST + ---run_gpu0
2024年 07月 26日 星期五 23:29:26 CST + ---run_gpu0
2024年 07月 26日 星期五 23:29:26 CST + finished sft
2024年 07月 26日 星期五 23:29:26 CST + ---run2_gpu0
2024年 07月 26日 星期五 23:29:26 CST + finished run2_gpu0
2024年 07月 26日 星期五 23:29:46 CST + ---run_gpu0
2024年 07月 27日 星期六 09:17:44 CST + finished sft
2024年 07月 27日 星期六 09:17:44 CST + ---run2_gpu0
2024年 07月 27日 星期六 11:52:30 CST + ---run_gpu0
2024年 07月 27日 星期六 11:53:43 CST + finished sft
2024年 07月 27日 星期六 11:53:44 CST + ---run2_gpu0
2024年 07月 27日 星期六 11:53:46 CST + ---run_gpu0
2024年 07月 27日 星期六 12:03:42 CST + ---run_gpu0
2024年 07月 27日 星期六 12:07:02 CST + finished sft
2024年 07月 27日 星期六 12:07:02 CST + ---run2_gpu0
2024年 07月 27日 星期六 12:08:35 CST + ---run_gpu0
2024年 07月 27日 星期六 21:56:35 CST + finished sft
2024年 07月 27日 星期六 21:56:35 CST + ---run2_gpu0
2024年 07月 28日 星期日 15:40:58 CST + finished run2_gpu0
2024年 07月 28日 星期日 15:40:58 CST + ---run_gpu0
2024年 07月 28日 星期日 23:41:54 CST + ---run_gpu0
2024年 07月 28日 星期日 23:42:43 CST + ---run_gpu0
2024年 07月 29日 星期一 13:26:47 CST + finished sft
2024年 07月 29日 星期一 13:26:47 CST + ---run2_gpu0
2024年 07月 30日 星期二 07:11:13 CST + finished run2_gpu0
2024年 07月 30日 星期二 07:11:13 CST + ---run_gpu0
2024年 07月 30日 星期二 14:14:20 CST + ---run_gpu0
2024年 07月 30日 星期二 21:46:46 CST + finished sft
2024年 07月 30日 星期二 21:46:47 CST + ---run2_gpu0
2024年 07月 31日 星期三 00:15:44 CST + ---run_gpu0
2024年 07月 31日 星期三 00:45:46 CST + ---run_gpu0
2024年 07月 31日 星期三 09:52:05 CST + ---run2_gpu0
2024年 07月 31日 星期三 11:26:57 CST + ---run2_gpu0
2024年 07月 31日 星期三 11:50:05 CST + ---run_gpu0
2024年 07月 31日 星期三 11:50:40 CST + ---run2_gpu0
2024年 08月 01日 星期四 01:12:04 CST + ---run2_gpu0
2024年 08月 01日 星期四 11:43:24 CST + ---run2_gpu0
2024年 08月 01日 星期四 11:50:04 CST + ---run2_gpu0
2024年 08月 01日 星期四 12:20:29 CST + ---run2_gpu0
2024年 08月 01日 星期四 12:21:05 CST + ---run2_gpu0
2024年 08月 01日 星期四 16:34:53 CST + ---run2_gpu0
2024年 08月 01日 星期四 16:35:48 CST + ---run2_gpu0
2024年 08月 01日 星期四 17:32:10 CST + ---run2_gpu0
2024年 08月 01日 星期四 17:32:22 CST + finished run2_gpu0
2024年 08月 01日 星期四 17:32:23 CST + ---run_gpu0
2024年 08月 01日 星期四 17:33:08 CST + ---run2_gpu0
2024年 08月 01日 星期四 17:34:03 CST + ---run2_gpu0
2024年 08月 01日 星期四 17:54:54 CST + ---run_gpu0
2024年 08月 01日 星期四 18:06:28 CST + ---run_gpu0
2024年 08月 02日 星期五 01:06:13 CST + finished sft
2024年 08月 02日 星期五 01:06:13 CST + ---run2_gpu0
2024年 08月 02日 星期五 14:52:29 CST + ---run_gpu0
2024年 08月 02日 星期五 21:52:44 CST + finished sft
2024年 08月 02日 星期五 21:52:45 CST + ---run2_gpu0
2024年 08月 03日 星期六 01:19:13 CST + ---run2_gpu0
2024年 08月 03日 星期六 19:09:58 CST + finished run2_gpu0
2024年 08月 03日 星期六 19:09:59 CST + ---run_gpu0
2024年 08月 04日 星期日 02:10:04 CST + finished sft
2024年 08月 04日 星期日 02:10:04 CST + ---run2_gpu0
2024年 08月 04日 星期日 15:55:01 CST + ---run_gpu0
2024年 08月 04日 星期日 15:56:00 CST + ---run_gpu0
2024年 08月 05日 星期一 00:31:06 CST + finished sft
2024年 08月 05日 星期一 00:31:07 CST + ---run2_gpu0
2024年 08月 05日 星期一 12:51:30 CST + ---run2_gpu0
2024年 08月 05日 星期一 15:50:41 CST + ---run2_gpu0
2024年 08月 05日 星期一 17:48:14 CST + ---run2_gpu0
2024年 08月 05日 星期一 17:49:03 CST + ---run2_gpu0
2024年 08月 05日 星期一 19:58:57 CST + ---run2_gpu0
2024年 08月 05日 星期一 19:59:09 CST + ---run2_gpu0
2024年 08月 06日 星期二 08:47:09 CST + ---run2_gpu0
2024年 08月 06日 星期二 08:47:22 CST + finished run2_gpu0
2024年 08月 06日 星期二 08:47:22 CST + ---run_gpu0
2024年 08月 06日 星期二 08:47:54 CST + ---run2_gpu0
2024年 08月 06日 星期二 08:48:06 CST + finished run2_gpu0
2024年 08月 06日 星期二 08:48:06 CST + ---run_gpu0
2024年 08月 06日 星期二 08:48:23 CST + ---run2_gpu0
2024年 08月 06日 星期二 11:47:59 CST + ---run_gpu0
2024年 08月 06日 星期二 11:58:58 CST + ---run_gpu0
2024年 08月 06日 星期二 12:12:54 CST + ---run_gpu0
2024年 08月 06日 星期二 12:50:34 CST + finished sft
2024年 08月 06日 星期二 12:50:34 CST + ---run2_gpu0
2024年 08月 06日 星期二 12:50:50 CST + ---run_gpu0
2024年 08月 06日 星期二 12:52:29 CST + ---run_gpu0
2024年 08月 06日 星期二 12:57:21 CST + ---run_gpu0
2024年 08月 06日 星期二 13:03:22 CST + ---run_gpu0
2024年 08月 06日 星期二 13:03:22 CST + finished sft
2024年 08月 06日 星期二 13:03:23 CST + ---run2_gpu0
2024年 08月 06日 星期二 14:56:29 CST + ---run_gpu0
2024年 08月 06日 星期二 14:57:03 CST + finished sft
2024年 08月 06日 星期二 14:58:17 CST + ---run_gpu0
2024年 08月 06日 星期二 15:01:01 CST + finished sft
2024年 08月 06日 星期二 15:01:02 CST + ---run2_gpu0
2024年 08月 06日 星期二 15:39:03 CST + ---run_gpu0
2024年 08月 06日 星期二 15:40:29 CST + finished sft
2024年 08月 06日 星期二 15:40:30 CST + ---run2_gpu0
2024年 08月 06日 星期二 15:41:00 CST + ---run_gpu0
2024年 08月 06日 星期二 15:41:42 CST + finished sft
2024年 08月 06日 星期二 15:41:44 CST + ---run_gpu0
2024年 08月 06日 星期二 15:42:02 CST + ---run_gpu0
2024年 08月 06日 星期二 22:42:27 CST + finished sft
2024年 08月 06日 星期二 22:42:31 CST + ---run2_gpu0
2024年 08月 07日 星期三 00:50:32 CST + ---run2_gpu0
2024年 08月 07日 星期三 20:11:55 CST + ---run2_gpu0
2024年 08月 08日 星期四 12:49:42 CST + ---run2_gpu0
2024年 08月 08日 星期四 14:17:29 CST + ---run_gpu0
2024年 08月 08日 星期四 14:19:08 CST + ---run_gpu0
2024年 08月 08日 星期四 14:20:06 CST + ---run_gpu0
2024年 08月 08日 星期四 14:21:15 CST + ---run_gpu0
2024年 08月 08日 星期四 14:22:31 CST + ---run_gpu0
2024年 08月 08日 星期四 14:23:39 CST + ---run_gpu0
2024年 08月 08日 星期四 14:26:21 CST + ---run_gpu0
2024年 08月 08日 星期四 14:31:47 CST + ---run_gpu0
2024年 08月 08日 星期四 14:32:35 CST + ---run_gpu0
2024年 08月 08日 星期四 14:33:08 CST + finished sft
2024年 08月 08日 星期四 14:33:08 CST + ---run2_gpu0
2024年 08月 08日 星期四 14:33:30 CST + ---run_gpu0
2024年 08月 08日 星期四 14:34:04 CST + finished sft
2024年 08月 08日 星期四 14:34:04 CST + ---run2_gpu0
2024年 08月 08日 星期四 14:35:01 CST + ---run_gpu0
2024年 08月 08日 星期四 14:35:37 CST + ---run_gpu0
2024年 08月 08日 星期四 14:38:36 CST + ---run_gpu0
2024年 08月 08日 星期四 14:41:00 CST + ---run_gpu0
2024年 08月 08日 星期四 14:42:30 CST + ---run2_gpu0
2024年 08月 08日 星期四 14:43:35 CST + ---run_gpu0
2024年 08月 08日 星期四 14:45:09 CST + ---run_gpu0
2024年 08月 08日 星期四 15:07:03 CST + ---run_gpu0
2024年 08月 08日 星期四 15:07:52 CST + finished sft
2024年 08月 08日 星期四 15:07:52 CST + ---run2_gpu0
2024年 08月 08日 星期四 15:10:37 CST + ---run_gpu0
2024年 08月 08日 星期四 15:12:47 CST + ---run_gpu0
2024年 08月 08日 星期四 15:13:38 CST + finished sft
2024年 08月 08日 星期四 15:13:38 CST + ---run2_gpu0
2024年 08月 08日 星期四 15:16:05 CST + ---run_gpu0
2024年 08月 08日 星期四 22:24:06 CST + finished sft
2024年 08月 08日 星期四 22:24:06 CST + ---run2_gpu0
2024年 08月 09日 星期五 15:04:29 CST + ---run_gpu0
2024年 08月 09日 星期五 23:48:22 CST + finished sft
2024年 08月 09日 星期五 23:48:22 CST + ---run2_gpu0
2024年 08月 09日 星期五 23:50:24 CST + ---run_gpu0
2024年 08月 09日 星期五 23:53:19 CST + ---run_gpu0
2024年 08月 10日 星期六 00:30:16 CST + ---run2_gpu0
2024年 08月 10日 星期六 09:14:36 CST + finished run2_gpu0
2024年 08月 10日 星期六 09:14:37 CST + ---run_gpu0
2024年 08月 10日 星期六 16:23:31 CST + finished sft
2024年 08月 10日 星期六 16:23:31 CST + ---run2_gpu0
2024年 08月 10日 星期六 17:46:37 CST + ---run_gpu0
2024年 08月 10日 星期六 17:47:43 CST + ---run_gpu0
2024年 08月 10日 星期六 17:50:17 CST + ---run2_gpu0
2024年 08月 10日 星期六 18:12:23 CST + finished run2_gpu0
2024年 08月 10日 星期六 18:12:23 CST + ---run_gpu0
2024年 08月 11日 星期日 01:15:46 CST + ---run_gpu0
2024年 08月 11日 星期日 01:16:00 CST + finished sft
2024年 08月 11日 星期日 01:16:01 CST + ---run2_gpu0
2024年 08月 11日 星期日 01:16:18 CST + finished run2_gpu0
2024年 08月 11日 星期日 01:16:19 CST + ---run_gpu0
2024年 08月 11日 星期日 01:16:34 CST + finished sft
2024年 08月 11日 星期日 01:16:35 CST + ---run2_gpu0
2024年 08月 11日 星期日 01:16:50 CST + finished run2_gpu0
2024年 08月 11日 星期日 01:16:51 CST + ---run_gpu0
2024年 08月 11日 星期日 01:17:07 CST + finished sft
2024年 08月 11日 星期日 01:17:08 CST + ---run2_gpu0
2024年 08月 11日 星期日 01:17:51 CST + finished sft
2024年 08月 11日 星期日 01:17:52 CST + ---run2_gpu0
2024年 08月 11日 星期日 01:18:03 CST + ---run_gpu0
2024年 08月 11日 星期日 01:19:02 CST + ---run_gpu0
2024年 08月 11日 星期日 08:27:50 CST + finished sft
2024年 08月 11日 星期日 08:27:51 CST + ---run2_gpu0
2024年 08月 11日 星期日 15:40:55 CST + ---run_gpu0
2024年 08月 12日 星期一 05:42:41 CST + finished sft
2024年 08月 12日 星期一 05:42:41 CST + ---run2_gpu0
2024年 08月 12日 星期一 13:12:31 CST + ---run_gpu0
2024年 08月 12日 星期一 13:13:51 CST + ---run_gpu0
2024年 08月 12日 星期一 13:15:22 CST + ---run_gpu0
2024年 08月 12日 星期一 13:20:51 CST + ---run_gpu0
2024年 08月 12日 星期一 13:21:44 CST + finished sft
2024年 08月 12日 星期一 13:21:45 CST + ---run2_gpu0
2024年 08月 12日 星期一 13:22:56 CST + ---run_gpu0
2024年 08月 12日 星期一 13:23:53 CST + finished sft
2024年 08月 12日 星期一 13:23:53 CST + ---run2_gpu0
2024年 08月 12日 星期一 13:25:12 CST + ---run_gpu0
2024年 08月 12日 星期一 13:47:52 CST + finished sft
2024年 08月 12日 星期一 13:47:53 CST + ---run2_gpu0
2024年 08月 12日 星期一 14:22:13 CST + ---run_gpu0
2024年 08月 12日 星期一 14:40:33 CST + ---run_gpu0
2024年 08月 12日 星期一 14:42:11 CST + ---run_gpu0
2024年 08月 12日 星期一 14:43:01 CST + ---run_gpu0
2024年 08月 12日 星期一 14:45:01 CST + finished sft
2024年 08月 12日 星期一 14:45:02 CST + ---run2_gpu0
2024年 08月 12日 星期一 14:48:25 CST + ---run_gpu0
2024年 08月 12日 星期一 15:13:27 CST + ---run_gpu0
2024年 08月 12日 星期一 15:16:23 CST + ---run_gpu0
2024年 08月 12日 星期一 15:54:30 CST + finished sft
2024年 08月 12日 星期一 15:54:30 CST + ---run2_gpu0
2024年 08月 12日 星期一 15:55:58 CST + finished run2_gpu0
2024年 08月 12日 星期一 15:55:59 CST + ---run_gpu0
2024年 08月 12日 星期一 17:36:53 CST + ---run_gpu0
2024年 08月 12日 星期一 17:37:05 CST + ---run_gpu0
2024年 08月 12日 星期一 17:41:06 CST + ---run_gpu0
2024年 08月 12日 星期一 17:44:21 CST + ---run_gpu0
2024年 08月 12日 星期一 17:44:42 CST + ---run_gpu0
2024年 08月 12日 星期一 17:49:10 CST + finished sft
2024年 08月 12日 星期一 17:49:10 CST + ---run2_gpu0
2024年 08月 12日 星期一 17:53:43 CST + finished run2_gpu0
2024年 08月 12日 星期一 17:53:44 CST + ---run_gpu0
2024年 08月 12日 星期一 17:58:07 CST + finished sft
2024年 08月 12日 星期一 17:58:08 CST + ---run2_gpu0
2024年 08月 12日 星期一 18:02:33 CST + finished run2_gpu0
2024年 08月 12日 星期一 18:02:34 CST + ---run_gpu0
2024年 08月 12日 星期一 18:06:58 CST + finished sft
2024年 08月 12日 星期一 18:06:59 CST + ---run2_gpu0
2024年 08月 12日 星期一 18:11:24 CST + finished run2_gpu0
2024年 08月 12日 星期一 18:11:24 CST + ---run_gpu0
2024年 08月 12日 星期一 18:15:52 CST + finished sft
2024年 08月 12日 星期一 18:15:53 CST + ---run2_gpu0
2024年 08月 12日 星期一 18:20:22 CST + finished run2_gpu0
2024年 08月 12日 星期一 18:20:23 CST + ---run_gpu0
2024年 08月 12日 星期一 18:24:53 CST + finished sft
2024年 08月 12日 星期一 18:24:54 CST + ---run2_gpu0
2024年 08月 12日 星期一 18:29:21 CST + finished run2_gpu0
2024年 08月 12日 星期一 18:29:21 CST + ---run_gpu0
2024年 08月 12日 星期一 18:33:49 CST + finished sft
2024年 08月 12日 星期一 18:33:50 CST + ---run2_gpu0
2024年 08月 12日 星期一 18:38:22 CST + finished run2_gpu0
2024年 08月 12日 星期一 18:38:23 CST + ---run_gpu0
2024年 08月 12日 星期一 18:42:52 CST + finished sft
2024年 08月 12日 星期一 18:42:52 CST + ---run2_gpu0
2024年 08月 12日 星期一 18:47:24 CST + finished run2_gpu0
2024年 08月 12日 星期一 18:47:24 CST + ---run_gpu0
2024年 08月 12日 星期一 18:51:51 CST + finished sft
2024年 08月 12日 星期一 18:51:51 CST + ---run2_gpu0
2024年 08月 12日 星期一 18:56:21 CST + finished run2_gpu0
2024年 08月 12日 星期一 18:56:21 CST + ---run_gpu0
2024年 08月 12日 星期一 19:00:51 CST + finished sft
2024年 08月 12日 星期一 19:00:52 CST + ---run2_gpu0
2024年 08月 12日 星期一 19:05:19 CST + finished run2_gpu0
2024年 08月 12日 星期一 19:05:20 CST + ---run_gpu0
2024年 08月 12日 星期一 19:09:52 CST + finished sft
2024年 08月 12日 星期一 19:09:53 CST + ---run2_gpu0
2024年 08月 12日 星期一 19:10:27 CST + ---run_gpu0
2024年 08月 12日 星期一 20:10:05 CST + ---run_gpu0
2024年 08月 13日 星期二 03:36:37 CST + finished sft
2024年 08月 13日 星期二 03:36:38 CST + ---run2_gpu0
2024年 08月 13日 星期二 18:03:55 CST + ---run2_gpu0
2024年 08月 13日 星期二 19:26:36 CST + ---run2_gpu0
2024年 08月 13日 星期二 21:42:58 CST + ---run2_gpu0
2024年 08月 13日 星期二 21:45:45 CST + ---run2_gpu0
2024年 08月 14日 星期三 00:43:47 CST + ---run2_gpu0
2024年 08月 14日 星期三 08:27:42 CST + finished run2_gpu0
2024年 08月 14日 星期三 08:27:43 CST + ---run_gpu0
2024年 08月 14日 星期三 11:54:24 CST + finished sft
2024年 08月 14日 星期三 11:54:24 CST + ---run2_gpu0
2024年 08月 14日 星期三 12:22:45 CST + ---run2_gpu0
2024年 08月 14日 星期三 12:52:47 CST + ---run2_gpu0
2024年 08月 14日 星期三 17:33:34 CST + ---run2_gpu0
2024年 08月 15日 星期四 00:55:27 CST + finished run2_gpu0
2024年 08月 15日 星期四 00:55:27 CST + ---run_gpu0
2024年 08月 15日 星期四 01:46:46 CST + ---run2_gpu0
2024年 08月 15日 星期四 09:08:56 CST + finished run2_gpu0
2024年 08月 15日 星期四 09:08:57 CST + ---run_gpu0
2024年 08月 15日 星期四 09:08:57 CST + finished sft
2024年 08月 15日 星期四 09:08:57 CST + ---run2_gpu0
2024年 08月 15日 星期四 11:55:07 CST + ---run2_gpu0
2024年 08月 15日 星期四 11:55:53 CST + ---run2_gpu0
2024年 08月 15日 星期四 11:58:04 CST + finished run2_gpu0
2024年 08月 15日 星期四 11:58:04 CST + ---run_gpu0
2024年 08月 15日 星期四 11:58:04 CST + finished sft
2024年 08月 15日 星期四 11:58:05 CST + ---run2_gpu0
2024年 08月 15日 星期四 12:00:09 CST + ---run2_gpu0
2024年 08月 15日 星期四 19:23:11 CST + finished run2_gpu0
2024年 08月 15日 星期四 19:23:11 CST + ---run_gpu0
2024年 08月 15日 星期四 19:23:11 CST + finished sft
2024年 08月 15日 星期四 19:23:12 CST + ---run2_gpu0
2024年 08月 15日 星期四 21:47:32 CST + ---run2_gpu0
2024年 08月 16日 星期五 05:10:06 CST + finished run2_gpu0
2024年 08月 16日 星期五 05:10:06 CST + ---run_gpu0
2024年 08月 16日 星期五 05:10:06 CST + finished sft
2024年 08月 16日 星期五 05:10:07 CST + ---run2_gpu0
2024年 08月 16日 星期五 12:03:54 CST + ---run2_gpu0
2024年 08月 16日 星期五 19:26:24 CST + finished run2_gpu0
2024年 08月 16日 星期五 19:26:24 CST + ---run_gpu0
2024年 08月 16日 星期五 19:26:24 CST + finished sft
2024年 08月 16日 星期五 19:26:25 CST + ---run2_gpu0
2024年 08月 16日 星期五 23:43:55 CST + ---run2_gpu0
2024年 08月 17日 星期六 07:06:21 CST + finished run2_gpu0
2024年 08月 17日 星期六 07:06:22 CST + ---run_gpu0
2024年 08月 17日 星期六 07:06:22 CST + finished sft
2024年 08月 17日 星期六 07:06:23 CST + ---run2_gpu0
2024年 08月 17日 星期六 14:28:14 CST + ---run2_gpu0
2024年 08月 17日 星期六 14:33:57 CST + ---run2_gpu0
2024年 08月 17日 星期六 14:36:17 CST + ---run2_gpu0
2024年 08月 17日 星期六 14:40:06 CST + ---run2_gpu0
2024年 08月 17日 星期六 22:46:37 CST + finished run2_gpu0
2024年 08月 17日 星期六 22:46:38 CST + ---run_gpu0
2024年 08月 17日 星期六 22:46:38 CST + finished sft
2024年 08月 17日 星期六 22:46:38 CST + ---run2_gpu0
2024年 08月 18日 星期日 06:31:54 CST + finished run2_gpu0
2024年 08月 18日 星期日 06:31:54 CST + ---run_gpu0
2024年 08月 18日 星期日 06:31:54 CST + finished sft
2024年 08月 18日 星期日 06:31:55 CST + ---run2_gpu0
2024年 08月 18日 星期日 14:16:27 CST + finished run2_gpu0
2024年 08月 18日 星期日 14:16:28 CST + ---run_gpu0
2024年 08月 18日 星期日 14:16:28 CST + finished sft
2024年 08月 18日 星期日 14:16:29 CST + ---run2_gpu0
2024年 08月 18日 星期日 22:01:26 CST + finished run2_gpu0
2024年 08月 18日 星期日 22:01:27 CST + ---run_gpu0
2024年 08月 18日 星期日 22:01:27 CST + finished sft
2024年 08月 18日 星期日 22:01:27 CST + ---run2_gpu0
2024年 08月 19日 星期一 05:45:44 CST + finished run2_gpu0
2024年 08月 19日 星期一 05:45:45 CST + ---run_gpu0
2024年 08月 19日 星期一 05:45:45 CST + finished sft
2024年 08月 19日 星期一 05:45:46 CST + ---run2_gpu0
2024年 08月 19日 星期一 13:30:10 CST + finished run2_gpu0
2024年 08月 19日 星期一 13:30:10 CST + ---run_gpu0
2024年 08月 19日 星期一 13:30:10 CST + finished sft
2024年 08月 19日 星期一 13:30:11 CST + ---run2_gpu0
2024年 08月 19日 星期一 17:11:41 CST + ---run2_gpu0
2024年 08月 19日 星期一 18:30:47 CST + ---run2_gpu0
2024年 08月 20日 星期二 00:34:33 CST + ---run2_gpu0
2024年 08月 20日 星期二 02:28:09 CST + ---run2_gpu0
2024年 08月 20日 星期二 16:06:19 CST + finished run2_gpu0
2024年 08月 20日 星期二 16:06:19 CST + ---run_gpu0
2024年 08月 20日 星期二 16:06:19 CST + finished sft
2024年 08月 20日 星期二 16:06:20 CST + ---run2_gpu0
2024年 08月 20日 星期二 17:53:54 CST + ---run2_gpu0
2024年 08月 21日 星期三 07:31:55 CST + finished run2_gpu0
2024年 08月 21日 星期三 07:31:55 CST + ---run_gpu0
2024年 08月 21日 星期三 07:31:55 CST + finished sft
2024年 08月 21日 星期三 07:31:56 CST + ---run2_gpu0
2024年 08月 21日 星期三 21:09:56 CST + finished run2_gpu0
2024年 08月 21日 星期三 21:09:57 CST + ---run_gpu0
2024年 08月 21日 星期三 21:09:57 CST + finished sft
2024年 08月 21日 星期三 21:09:58 CST + ---run2_gpu0
2024年 08月 22日 星期四 10:48:46 CST + finished run2_gpu0
2024年 08月 22日 星期四 10:48:47 CST + ---run_gpu0
2024年 08月 22日 星期四 10:48:47 CST + finished sft
2024年 08月 22日 星期四 10:48:47 CST + ---run2_gpu0
2024年 08月 22日 星期四 12:22:31 CST + ---run2_gpu0
2024年 08月 22日 星期四 15:46:05 CST + ---run2_gpu0
2024年 08月 22日 星期四 23:37:56 CST + finished run2_gpu0
2024年 08月 22日 星期四 23:37:57 CST + ---run_gpu0
2024年 08月 22日 星期四 23:37:57 CST + finished sft
2024年 08月 22日 星期四 23:37:58 CST + ---run2_gpu0
2024年 08月 23日 星期五 07:29:18 CST + finished run2_gpu0
2024年 08月 23日 星期五 07:29:18 CST + ---run_gpu0
2024年 08月 23日 星期五 07:29:18 CST + finished sft
2024年 08月 23日 星期五 07:29:19 CST + ---run2_gpu0
2024年 08月 23日 星期五 15:21:37 CST + finished run2_gpu0
2024年 08月 23日 星期五 15:21:38 CST + ---run_gpu0
2024年 08月 23日 星期五 15:21:38 CST + finished sft
2024年 08月 23日 星期五 15:21:39 CST + ---run2_gpu0
2024年 08月 23日 星期五 23:13:47 CST + finished run2_gpu0
2024年 08月 23日 星期五 23:13:47 CST + ---run_gpu0
2024年 08月 23日 星期五 23:13:47 CST + finished sft
2024年 08月 23日 星期五 23:13:48 CST + ---run2_gpu0
2024年 08月 24日 星期六 07:05:29 CST + finished run2_gpu0
2024年 08月 24日 星期六 07:05:30 CST + ---run_gpu0
2024年 08月 24日 星期六 07:05:30 CST + finished sft
2024年 08月 24日 星期六 07:05:30 CST + ---run2_gpu0
2024年 08月 24日 星期六 14:57:13 CST + finished run2_gpu0
2024年 08月 24日 星期六 14:57:14 CST + ---run_gpu0
2024年 08月 24日 星期六 14:57:14 CST + finished sft
2024年 08月 24日 星期六 14:57:14 CST + ---run2_gpu0
2024年 08月 24日 星期六 22:48:54 CST + finished run2_gpu0
2024年 08月 24日 星期六 22:48:55 CST + ---run_gpu0
2024年 08月 24日 星期六 22:48:55 CST + finished sft
2024年 08月 24日 星期六 22:48:55 CST + ---run2_gpu0
2024年 08月 25日 星期日 06:40:28 CST + finished run2_gpu0
2024年 08月 25日 星期日 06:40:28 CST + ---run_gpu0
2024年 08月 25日 星期日 06:40:28 CST + finished sft
2024年 08月 25日 星期日 06:40:29 CST + ---run2_gpu0
2024年 08月 25日 星期日 14:32:25 CST + finished run2_gpu0
2024年 08月 25日 星期日 14:32:25 CST + ---run_gpu0
2024年 08月 25日 星期日 14:32:25 CST + finished sft
2024年 08月 25日 星期日 14:32:26 CST + ---run2_gpu0
2024年 08月 25日 星期日 22:24:24 CST + finished run2_gpu0
2024年 08月 25日 星期日 22:24:25 CST + ---run_gpu0
2024年 08月 25日 星期日 22:24:25 CST + finished sft
2024年 08月 25日 星期日 22:24:25 CST + ---run2_gpu0
2024年 08月 26日 星期一 06:15:49 CST + finished run2_gpu0
2024年 08月 26日 星期一 06:15:49 CST + ---run_gpu0
2024年 08月 26日 星期一 06:15:49 CST + finished sft
2024年 08月 26日 星期一 06:15:50 CST + ---run2_gpu0
2024年 08月 26日 星期一 14:07:07 CST + finished run2_gpu0
2024年 08月 26日 星期一 14:07:08 CST + ---run_gpu0
2024年 08月 26日 星期一 14:07:08 CST + finished sft
2024年 08月 26日 星期一 14:07:09 CST + ---run2_gpu0
2024年 08月 26日 星期一 21:59:30 CST + finished run2_gpu0
2024年 08月 26日 星期一 21:59:30 CST + ---run_gpu0
2024年 08月 26日 星期一 21:59:30 CST + finished sft
2024年 08月 26日 星期一 21:59:31 CST + ---run2_gpu0
2024年 08月 27日 星期二 05:29:32 CST + finished run2_gpu0
2024年 08月 27日 星期二 05:29:33 CST + ---run_gpu0
2024年 08月 27日 星期二 05:29:33 CST + finished sft
2024年 08月 27日 星期二 05:29:33 CST + ---run2_gpu0
2024年 08月 27日 星期二 12:59:12 CST + finished run2_gpu0
2024年 08月 27日 星期二 12:59:13 CST + ---run_gpu0
2024年 08月 27日 星期二 12:59:13 CST + finished sft
2024年 08月 27日 星期二 12:59:13 CST + ---run2_gpu0
2024年 12月 16日 星期一 11:54:28 CST + ---run_gpu0
2024年 12月 16日 星期一 11:59:27 CST + ---run_gpu0
2024年 12月 16日 星期一 12:04:10 CST + ---run_gpu0
2024年 12月 16日 星期一 12:06:33 CST + ---run2_gpu0
2024年 12月 17日 星期二 10:24:20 CST + ---run_gpu0
2024年 12月 17日 星期二 15:25:34 CST + ---run2_gpu0
2024年 12月 17日 星期二 15:25:42 CST + ---run_gpu0
2024年 12月 17日 星期二 15:26:14 CST + ---run_gpu0
2024年 12月 17日 星期二 15:26:32 CST + ---run2_gpu0
2024年 12月 17日 星期二 15:26:51 CST + ---run_gpu0
2024年 12月 17日 星期二 15:27:13 CST + ---run2_gpu0
2024年 12月 17日 星期二 15:27:32 CST + ---run_gpu0
2024年 12月 17日 星期二 15:27:51 CST + ---run2_gpu0
2024年 12月 17日 星期二 15:28:11 CST + ---run_gpu0
2024年 12月 17日 星期二 15:28:32 CST + ---run2_gpu0
2024年 12月 17日 星期二 15:28:48 CST + ---run_gpu0
2024年 12月 17日 星期二 15:29:07 CST + ---run2_gpu0
2024年 12月 17日 星期二 15:29:28 CST + ---run_gpu0
2024年 12月 17日 星期二 15:29:46 CST + ---run2_gpu0
2024年 12月 17日 星期二 15:30:08 CST + ---run_gpu0
2024年 12月 17日 星期二 15:30:30 CST + ---run2_gpu0
2024年 12月 17日 星期二 15:30:52 CST + ---run_gpu0
2024年 12月 17日 星期二 15:31:12 CST + ---run2_gpu0
2024年 12月 17日 星期二 15:31:30 CST + ---run_gpu0
2024年 12月 17日 星期二 15:31:47 CST + ---run2_gpu0
2024年 12月 17日 星期二 15:32:07 CST + ---run_gpu0
2024年 12月 17日 星期二 15:32:25 CST + ---run2_gpu0
2024年 12月 17日 星期二 15:32:44 CST + ---run_gpu0
2024年 12月 17日 星期二 17:04:49 CST + ---run_gpu0
2024年 12月 17日 星期二 21:43:14 CST + ---run2_gpu0
2024年 12月 17日 星期二 23:35:01 CST + ---run_gpu0
2024年 12月 18日 星期三 16:31:49 CST + ---run2_gpu0
