2024年 07月 26日 星期五 16:06:05 CST + ---start_gpu1
2024年 07月 26日 星期五 17:04:33 CST + ---start_gpu1
2024年 07月 26日 星期五 22:08:12 CST + finished pre-training
2024年 07月 26日 星期五 22:37:42 CST + ---start_gpu1
2024年 07月 26日 星期五 22:38:07 CST + ---start_gpu1
2024年 07月 26日 星期五 22:38:24 CST + finished pre-training
2024年 07月 26日 星期五 22:38:25 CST + ---start_gpu1_backup
2024年 07月 26日 星期五 22:38:40 CST + finished pre-training
2024年 07月 26日 星期五 22:38:41 CST + ---start_gpu1
2024年 07月 26日 星期五 22:38:57 CST + finished pre-training
2024年 07月 26日 星期五 22:38:58 CST + ---start_gpu1_backup
2024年 07月 26日 星期五 22:40:02 CST + ---start_gpu1
2024年 07月 26日 星期五 22:40:19 CST + finished pre-training
2024年 07月 26日 星期五 22:40:20 CST + ---start_gpu1_backup
2024年 07月 26日 星期五 22:40:35 CST + finished pre-training
2024年 07月 26日 星期五 22:40:36 CST + ---start_gpu1
2024年 07月 26日 星期五 22:40:52 CST + finished pre-training
2024年 07月 26日 星期五 22:42:22 CST + ---start_gpu1
2024年 07月 26日 星期五 22:42:38 CST + finished pre-training
2024年 07月 26日 星期五 22:42:39 CST + ---start_gpu1_backup
2024年 07月 26日 星期五 22:42:54 CST + finished pre-training
2024年 07月 26日 星期五 22:42:55 CST + ---start_gpu1
2024年 07月 26日 星期五 22:43:11 CST + finished pre-training
2024年 07月 26日 星期五 22:43:12 CST + ---start_gpu1_backup
2024年 07月 26日 星期五 22:43:27 CST + finished pre-training
2024年 07月 26日 星期五 22:43:28 CST + ---start_gpu1
2024年 07月 26日 星期五 22:43:45 CST + finished pre-training
2024年 07月 26日 星期五 22:43:45 CST + ---start_gpu1_backup
2024年 07月 26日 星期五 22:44:01 CST + finished pre-training
2024年 07月 26日 星期五 22:44:01 CST + ---start_gpu1
2024年 07月 26日 星期五 22:44:16 CST + ---start_gpu1
2024年 07月 26日 星期五 22:44:32 CST + finished pre-training
2024年 07月 26日 星期五 22:44:32 CST + ---start_gpu1_backup
2024年 07月 26日 星期五 22:44:49 CST + finished pre-training
2024年 07月 26日 星期五 22:44:50 CST + ---start_gpu1
2024年 07月 26日 星期五 22:45:48 CST + ---start_gpu1
2024年 07月 26日 星期五 22:50:41 CST + ---start_gpu1
2024年 07月 26日 星期五 22:50:56 CST + finished pre-training
2024年 07月 26日 星期五 22:50:57 CST + ---start_gpu1_backup
2024年 07月 26日 星期五 22:51:21 CST + ---start_gpu1
2024年 07月 26日 星期五 22:51:37 CST + finished pre-training
2024年 07月 26日 星期五 22:51:38 CST + ---start_gpu1_backup
2024年 07月 26日 星期五 22:52:13 CST + ---start_gpu1
2024年 07月 26日 星期五 22:52:29 CST + finished pre-training
2024年 07月 26日 星期五 22:53:17 CST + ---start_gpu1
2024年 07月 26日 星期五 22:54:09 CST + ---start_gpu1
2024年 07月 26日 星期五 22:54:25 CST + finished pre-training
2024年 07月 26日 星期五 22:54:26 CST + ---start_gpu1_backup
2024年 07月 26日 星期五 22:54:42 CST + finished pre-training
2024年 07月 26日 星期五 22:54:43 CST + ---start_gpu1
2024年 07月 26日 星期五 22:54:59 CST + finished pre-training
2024年 07月 26日 星期五 22:54:59 CST + ---start_gpu1_backup
2024年 07月 26日 星期五 22:55:16 CST + finished pre-training
2024年 07月 26日 星期五 22:55:17 CST + ---start_gpu1
2024年 07月 26日 星期五 22:56:38 CST + ---start_gpu1
2024年 07月 26日 星期五 22:57:43 CST + ---start_gpu1
2024年 07月 26日 星期五 22:58:07 CST + ---start_gpu1
2024年 07月 26日 星期五 22:58:40 CST + ---start_gpu1
2024年 07月 26日 星期五 23:00:28 CST + finished pre-training
2024年 07月 26日 星期五 23:00:28 CST + ---start_gpu1_backup
2024年 07月 26日 星期五 23:00:45 CST + finished pre-training
2024年 07月 26日 星期五 23:00:46 CST + ---start_gpu1
2024年 07月 26日 星期五 23:01:52 CST + finished pre-training
2024年 07月 26日 星期五 23:01:53 CST + ---start_gpu1_backup
2024年 07月 26日 星期五 23:02:09 CST + finished pre-training
2024年 07月 26日 星期五 23:02:09 CST + ---start_gpu1
2024年 07月 26日 星期五 23:02:45 CST + ---start_gpu1
2024年 07月 26日 星期五 23:03:52 CST + finished pre-training
2024年 07月 26日 星期五 23:03:52 CST + ---start_gpu1_backup
2024年 07月 26日 星期五 23:04:08 CST + finished pre-training
2024年 07月 26日 星期五 23:04:09 CST + ---start_gpu1
2024年 07月 26日 星期五 23:05:19 CST + finished pre-training
2024年 07月 26日 星期五 23:05:20 CST + ---start_gpu1_backup
2024年 07月 26日 星期五 23:05:35 CST + finished pre-training
2024年 07月 26日 星期五 23:05:36 CST + ---start_gpu1
2024年 07月 26日 星期五 23:06:45 CST + finished pre-training
2024年 07月 26日 星期五 23:06:45 CST + ---start_gpu1_backup
2024年 07月 26日 星期五 23:07:01 CST + finished pre-training
2024年 07月 26日 星期五 23:07:01 CST + ---start_gpu1
2024年 07月 26日 星期五 23:08:09 CST + finished pre-training
2024年 07月 26日 星期五 23:08:09 CST + ---start_gpu1_backup
2024年 07月 26日 星期五 23:08:26 CST + finished pre-training
2024年 07月 26日 星期五 23:08:27 CST + ---start_gpu1
2024年 07月 26日 星期五 23:09:36 CST + finished pre-training
2024年 07月 26日 星期五 23:09:37 CST + ---start_gpu1_backup
2024年 07月 26日 星期五 23:09:53 CST + finished pre-training
2024年 07月 26日 星期五 23:09:54 CST + ---start_gpu1
2024年 07月 26日 星期五 23:11:01 CST + finished pre-training
2024年 07月 26日 星期五 23:11:02 CST + ---start_gpu1_backup
2024年 07月 26日 星期五 23:11:18 CST + finished pre-training
2024年 07月 26日 星期五 23:11:18 CST + ---start_gpu1
2024年 07月 26日 星期五 23:12:28 CST + finished pre-training
2024年 07月 26日 星期五 23:12:28 CST + ---start_gpu1_backup
2024年 07月 26日 星期五 23:12:45 CST + finished pre-training
2024年 07月 26日 星期五 23:12:46 CST + ---start_gpu1
2024年 07月 26日 星期五 23:13:55 CST + finished pre-training
2024年 07月 26日 星期五 23:13:55 CST + ---start_gpu1_backup
2024年 07月 26日 星期五 23:14:12 CST + finished pre-training
2024年 07月 26日 星期五 23:14:13 CST + ---start_gpu1
2024年 07月 26日 星期五 23:15:12 CST + ---start_gpu1
2024年 07月 26日 星期五 23:16:19 CST + finished pre-training
2024年 07月 26日 星期五 23:16:20 CST + ---start_gpu1_backup
2024年 07月 26日 星期五 23:16:35 CST + finished pre-training
2024年 07月 26日 星期五 23:16:35 CST + ---start_gpu1
2024年 07月 26日 星期五 23:18:30 CST + ---start_gpu1
2024年 07月 26日 星期五 23:19:40 CST + finished pre-training
2024年 07月 26日 星期五 23:19:40 CST + ---start_gpu1_backup
2024年 07月 26日 星期五 23:20:11 CST + ---start_gpu1
2024年 07月 26日 星期五 23:20:50 CST + ---start_gpu1
2024年 07月 26日 星期五 23:22:29 CST + ---start_gpu1
2024年 07月 26日 星期五 23:22:35 CST + ---start_gpu1
2024年 07月 26日 星期五 23:24:24 CST + ---start_gpu1
2024年 07月 27日 星期六 12:12:46 CST + ---start_gpu1
2024年 07月 28日 星期日 06:03:25 CST + finished pre-training
2024年 07月 28日 星期日 06:03:26 CST + ---start_gpu1_backup
2024年 07月 29日 星期一 01:42:48 CST + finished gpu1_backup
2024年 07月 29日 星期一 01:42:48 CST + ---start_gpu1
2024年 07月 29日 星期一 11:32:21 CST + finished gpu1
2024年 07月 29日 星期一 11:32:21 CST + ---start_gpu1_backup
2024年 07月 29日 星期一 13:36:37 CST + ---start_gpu1
2024年 07月 29日 星期一 15:34:53 CST + ---start_gpu1
2024年 07月 29日 星期一 15:51:22 CST + ---start_gpu1
2024年 07月 29日 星期一 16:00:57 CST + ---start_gpu1
2024年 07月 29日 星期一 16:19:18 CST + ---start_gpu1
2024年 07月 29日 星期一 18:26:52 CST + ---start_gpu1
2024年 07月 29日 星期一 19:06:38 CST + ---start_gpu1
2024年 07月 29日 星期一 19:19:01 CST + ---start_gpu1
2024年 07月 29日 星期一 19:20:53 CST + finished gpu1
2024年 07月 29日 星期一 19:20:53 CST + ---start_gpu1_backup
2024年 07月 29日 星期一 19:22:34 CST + ---start_gpu1
2024年 07月 30日 星期二 05:13:51 CST + finished gpu1
2024年 07月 30日 星期二 05:13:51 CST + ---start_gpu1_backup
2024年 07月 30日 星期二 10:56:55 CST + ---start_gpu1
2024年 07月 30日 星期二 10:57:03 CST + ---start_gpu1_backup
2024年 07月 30日 星期二 12:38:40 CST + ---start_gpu1
2024年 07月 30日 星期二 12:40:01 CST + ---start_gpu1
2024年 07月 30日 星期二 13:21:37 CST + finished gpu1
2024年 07月 30日 星期二 13:21:38 CST + ---start_gpu1_backup
2024年 07月 30日 星期二 14:03:14 CST + finished gpu1_backup
2024年 07月 30日 星期二 14:03:14 CST + ---start_gpu1
2024年 07月 30日 星期二 14:06:26 CST + ---start_gpu1
2024年 07月 30日 星期二 14:12:54 CST + ---start_gpu1
2024年 07月 30日 星期二 21:45:03 CST + finished gpu1
2024年 07月 30日 星期二 21:45:04 CST + ---start_gpu1_backup
2024年 07月 31日 星期三 00:15:50 CST + ---start_gpu1
2024年 07月 31日 星期三 00:31:00 CST + ---start_gpu1
2024年 07月 31日 星期三 00:31:59 CST + finished gpu1
2024年 07月 31日 星期三 00:32:00 CST + ---start_gpu1_backup
2024年 07月 31日 星期三 00:32:48 CST + ---start_gpu1
2024年 07月 31日 星期三 00:33:49 CST + finished gpu1
2024年 07月 31日 星期三 00:33:50 CST + ---start_gpu1_backup
2024年 07月 31日 星期三 00:37:38 CST + ---start_gpu1
2024年 07月 31日 星期三 00:47:24 CST + ---start_gpu1
2024年 07月 31日 星期三 00:48:25 CST + ---start_gpu1
2024年 07月 31日 星期三 12:01:50 CST + ---start_gpu1
2024年 07月 31日 星期三 14:51:43 CST + finished gpu1
2024年 07月 31日 星期三 14:51:44 CST + ---start_gpu1_backup
2024年 07月 31日 星期三 15:15:13 CST + ---start_gpu1
2024年 07月 31日 星期三 17:10:47 CST + ---start_gpu1
2024年 07月 31日 星期三 17:13:59 CST + ---start_gpu1
2024年 07月 31日 星期三 17:30:29 CST + ---start_gpu1
2024年 08月 01日 星期四 12:19:03 CST + ---start_gpu1
2024年 08月 02日 星期五 11:39:37 CST + ---start_gpu1_backup
2024年 08月 14日 星期三 14:21:09 CST + ---start_gpu1_backup
2024年 08月 14日 星期三 14:24:47 CST + ---start_gpu1_backup
2024年 08月 14日 星期三 16:23:02 CST + finished gpu1_backup
2024年 08月 14日 星期三 16:23:03 CST + ---start_gpu1
2024年 08月 15日 星期四 01:49:47 CST + ---start_gpu1
2024年 08月 15日 星期四 01:57:42 CST + ---start_gpu1
2024年 08月 15日 星期四 12:08:04 CST + ---start_gpu1
2024年 08月 20日 星期二 01:42:33 CST + ---start_gpu1
2024年 08月 20日 星期二 01:46:51 CST + ---start_gpu1
2024年 08月 20日 星期二 01:55:20 CST + ---start_gpu1
2024年 08月 20日 星期二 02:00:14 CST + ---start_gpu1
2024年 08月 20日 星期二 02:10:23 CST + finished gpu1
2024年 08月 20日 星期二 02:10:24 CST + ---start_gpu1_backup
2024年 08月 20日 星期二 02:10:32 CST + ---start_gpu1
2024年 08月 20日 星期二 02:17:48 CST + ---start_gpu1
2024年 08月 20日 星期二 02:24:34 CST + ---start_gpu1
2024年 08月 20日 星期二 02:24:49 CST + finished gpu1
2024年 08月 20日 星期二 02:24:50 CST + ---start_gpu1_backup
2024年 08月 20日 星期二 02:25:40 CST + finished gpu1
2024年 08月 20日 星期二 02:25:40 CST + ---start_gpu1_backup
2024年 08月 20日 星期二 02:25:41 CST + ---start_gpu1
2024年 08月 20日 星期二 12:01:30 CST + finished gpu1
2024年 08月 20日 星期二 12:01:31 CST + ---start_gpu1_backup
2024年 08月 20日 星期二 12:23:36 CST + finished gpu1_backup
2024年 08月 20日 星期二 12:23:36 CST + ---start_gpu1
2024年 09月 12日 星期四 13:25:34 CST + ---start_gpu1
2024年 09月 12日 星期四 13:46:51 CST + finished gpu1
2024年 09月 12日 星期四 13:46:52 CST + ---start_gpu1_backup
2024年 09月 12日 星期四 13:46:53 CST + finished gpu1_backup
2024年 09月 12日 星期四 13:46:53 CST + ---start_gpu1
2024年 09月 12日 星期四 14:03:22 CST + finished gpu1
2024年 09月 12日 星期四 14:03:23 CST + ---start_gpu1_backup
2024年 09月 12日 星期四 14:03:24 CST + finished gpu1_backup
2024年 09月 12日 星期四 14:03:24 CST + ---start_gpu1
2024年 09月 12日 星期四 14:24:12 CST + finished gpu1
2024年 09月 12日 星期四 14:24:13 CST + ---start_gpu1_backup
2024年 09月 12日 星期四 14:24:13 CST + finished gpu1_backup
2024年 09月 12日 星期四 14:24:14 CST + ---start_gpu1
